May-22 16:49:23.448 [main] DEBUG nextflow.cli.Launcher - $> nextflow run -r master 'https://github.com/oisinmccaffrey/clipseq.nf' -profile test, nuig
May-22 16:49:23.529 [main] INFO  nextflow.cli.CmdRun - N E X T F L O W  ~  version 20.10.0
May-22 16:49:23.585 [main] DEBUG nextflow.scm.AssetManager - Repository URL: https://github.com/oisinmccaffrey/clipseq.nf; Project: oisinmccaffrey/clipseq.nf; Hub provider: github
May-22 16:49:24.287 [main] DEBUG nextflow.scm.AssetManager - Git config: /Users/oisinmccaffrey/.nextflow/assets/oisinmccaffrey/clipseq.nf/.git/config; branch: master; remote: origin; url: https://github.com/oisinmccaffrey/clipseq.nf.git
May-22 16:49:24.439 [main] INFO  nextflow.cli.CmdRun - Launching `oisinmccaffrey/clipseq.nf` [big_raman] - revision: 652f458fb3 [master]
May-22 16:49:24.984 [main] DEBUG nextflow.config.ConfigBuilder - Found config base: /Users/oisinmccaffrey/.nextflow/assets/oisinmccaffrey/clipseq.nf/nextflow.config
May-22 16:49:24.985 [main] DEBUG nextflow.config.ConfigBuilder - Found config local: /Users/oisinmccaffrey/Desktop/Masters/clipseq.nextflow/nextflow.config
May-22 16:49:24.985 [main] DEBUG nextflow.config.ConfigBuilder - Parsing config file: /Users/oisinmccaffrey/.nextflow/assets/oisinmccaffrey/clipseq.nf/nextflow.config
May-22 16:49:24.986 [main] DEBUG nextflow.config.ConfigBuilder - Parsing config file: /Users/oisinmccaffrey/Desktop/Masters/clipseq.nextflow/nextflow.config
May-22 16:49:24.993 [main] DEBUG nextflow.config.ConfigBuilder - Applying config profile: `test,`
May-22 16:49:25.094 [main] DEBUG nextflow.config.ConfigBuilder - Applying config profile: `test,`
May-22 16:49:25.116 [main] ERROR nextflow.cli.Launcher - Unable to parse config file: '/Users/oisinmccaffrey/Desktop/Masters/clipseq.nextflow/nextflow.config'

  Config file does not exist: /Users/oisinmccaffrey/Desktop/Masters/clipseq.nextflow/conf/test.config

java.nio.file.NoSuchFileException: Config file does not exist: /Users/oisinmccaffrey/Desktop/Masters/clipseq.nextflow/conf/test.config
	at java.base/jdk.internal.reflect.NativeConstructorAccessorImpl.newInstance0(Native Method)
	at java.base/jdk.internal.reflect.NativeConstructorAccessorImpl.newInstance(NativeConstructorAccessorImpl.java:62)
	at java.base/jdk.internal.reflect.DelegatingConstructorAccessorImpl.newInstance(DelegatingConstructorAccessorImpl.java:45)
	at java.base/java.lang.reflect.Constructor.newInstance(Constructor.java:490)
	at org.codehaus.groovy.reflection.CachedConstructor.invoke(CachedConstructor.java:72)
	at org.codehaus.groovy.reflection.CachedConstructor.doConstructorInvoke(CachedConstructor.java:59)
	at org.codehaus.groovy.runtime.callsite.ConstructorSite$ConstructorSiteNoUnwrap.callConstructor(ConstructorSite.java:84)
	at org.codehaus.groovy.runtime.callsite.CallSiteArray.defaultCallConstructor(CallSiteArray.java:59)
	at org.codehaus.groovy.runtime.callsite.AbstractCallSite.callConstructor(AbstractCallSite.java:263)
	at org.codehaus.groovy.runtime.callsite.AbstractCallSite.callConstructor(AbstractCallSite.java:277)
	at nextflow.config.ConfigBase.includeConfig(ConfigBase.groovy:95)
	at java.base/jdk.internal.reflect.NativeMethodAccessorImpl.invoke0(Native Method)
	at java.base/jdk.internal.reflect.NativeMethodAccessorImpl.invoke(NativeMethodAccessorImpl.java:62)
	at java.base/jdk.internal.reflect.DelegatingMethodAccessorImpl.invoke(DelegatingMethodAccessorImpl.java:43)
	at java.base/java.lang.reflect.Method.invoke(Method.java:566)
	at org.codehaus.groovy.reflection.CachedMethod.invoke(CachedMethod.java:107)
	at groovy.lang.MetaMethod.doMethodInvoke(MetaMethod.java:323)
	at org.codehaus.groovy.runtime.metaclass.ClosureMetaClass.invokeMethod(ClosureMetaClass.java:351)
	at org.codehaus.groovy.runtime.callsite.PogoMetaClassSite.callCurrent(PogoMetaClassSite.java:61)
	at org.codehaus.groovy.runtime.callsite.AbstractCallSite.callCurrent(AbstractCallSite.java:185)
	at _nf_config_70ef14e4$_run_closure2$_closure8.doCall(_nf_config_70ef14e4:21)
	at _nf_config_70ef14e4$_run_closure2$_closure8.doCall(_nf_config_70ef14e4)
	at java.base/jdk.internal.reflect.NativeMethodAccessorImpl.invoke0(Native Method)
	at java.base/jdk.internal.reflect.NativeMethodAccessorImpl.invoke(NativeMethodAccessorImpl.java:62)
	at java.base/jdk.internal.reflect.DelegatingMethodAccessorImpl.invoke(DelegatingMethodAccessorImpl.java:43)
	at java.base/java.lang.reflect.Method.invoke(Method.java:566)
	at org.codehaus.groovy.reflection.CachedMethod.invoke(CachedMethod.java:107)
	at groovy.lang.MetaMethod.doMethodInvoke(MetaMethod.java:323)
	at org.codehaus.groovy.runtime.metaclass.ClosureMetaClass.invokeMethod(ClosureMetaClass.java:263)
	at groovy.lang.MetaClassImpl.invokeMethod(MetaClassImpl.java:1026)
	at org.codehaus.groovy.runtime.callsite.PogoMetaClassSite.call(PogoMetaClassSite.java:38)
	at org.codehaus.groovy.runtime.callsite.AbstractCallSite.call(AbstractCallSite.java:130)
	at nextflow.config.ConfigParser$_parse_closure5.doCall(ConfigParser.groovy:382)
	at jdk.internal.reflect.GeneratedMethodAccessor5.invoke(Unknown Source)
	at java.base/jdk.internal.reflect.DelegatingMethodAccessorImpl.invoke(DelegatingMethodAccessorImpl.java:43)
	at java.base/java.lang.reflect.Method.invoke(Method.java:566)
	at org.codehaus.groovy.reflection.CachedMethod.invoke(CachedMethod.java:107)
	at org.codehaus.groovy.runtime.metaclass.ClosureMetaMethod.invoke(ClosureMetaMethod.java:83)
	at groovy.lang.ExpandoMetaClass.invokeMethod(ExpandoMetaClass.java:1118)
	at groovy.lang.MetaClassImpl.invokeMethod(MetaClassImpl.java:1026)
	at groovy.lang.MetaClassImpl.invokeMethod(MetaClassImpl.java:812)
	at groovy.lang.DelegatingMetaClass.invokeMethod(DelegatingMetaClass.java:140)
	at groovy.lang.GroovyObject.invokeMethod(GroovyObject.java:39)
	at groovy.lang.Script.invokeMethod(Script.java:96)
	at org.codehaus.groovy.runtime.metaclass.ClosureMetaClass.invokeOnDelegationObjects(ClosureMetaClass.java:397)
	at org.codehaus.groovy.runtime.metaclass.ClosureMetaClass.invokeMethod(ClosureMetaClass.java:337)
	at org.codehaus.groovy.runtime.callsite.PogoMetaClassSite.callCurrent(PogoMetaClassSite.java:61)
	at org.codehaus.groovy.runtime.callsite.AbstractCallSite.callCurrent(AbstractCallSite.java:185)
	at _nf_config_70ef14e4$_run_closure2.doCall(_nf_config_70ef14e4:21)
	at _nf_config_70ef14e4$_run_closure2.doCall(_nf_config_70ef14e4)
	at java.base/jdk.internal.reflect.NativeMethodAccessorImpl.invoke0(Native Method)
	at java.base/jdk.internal.reflect.NativeMethodAccessorImpl.invoke(NativeMethodAccessorImpl.java:62)
	at java.base/jdk.internal.reflect.DelegatingMethodAccessorImpl.invoke(DelegatingMethodAccessorImpl.java:43)
	at java.base/java.lang.reflect.Method.invoke(Method.java:566)
	at org.codehaus.groovy.reflection.CachedMethod.invoke(CachedMethod.java:107)
	at groovy.lang.MetaMethod.doMethodInvoke(MetaMethod.java:323)
	at org.codehaus.groovy.runtime.metaclass.ClosureMetaClass.invokeMethod(ClosureMetaClass.java:263)
	at groovy.lang.MetaClassImpl.invokeMethod(MetaClassImpl.java:1026)
	at org.codehaus.groovy.runtime.callsite.PogoMetaClassSite.call(PogoMetaClassSite.java:38)
	at org.codehaus.groovy.runtime.callsite.AbstractCallSite.call(AbstractCallSite.java:130)
	at nextflow.config.ConfigParser$_parse_closure5.doCall(ConfigParser.groovy:361)
	at jdk.internal.reflect.GeneratedMethodAccessor5.invoke(Unknown Source)
	at java.base/jdk.internal.reflect.DelegatingMethodAccessorImpl.invoke(DelegatingMethodAccessorImpl.java:43)
	at java.base/java.lang.reflect.Method.invoke(Method.java:566)
	at org.codehaus.groovy.reflection.CachedMethod.invoke(CachedMethod.java:107)
	at org.codehaus.groovy.runtime.metaclass.ClosureMetaMethod.invoke(ClosureMetaMethod.java:83)
	at groovy.lang.ExpandoMetaClass.invokeMethod(ExpandoMetaClass.java:1118)
	at groovy.lang.DelegatingMetaClass.invokeMethod(DelegatingMetaClass.java:226)
	at org.codehaus.groovy.runtime.callsite.PogoMetaClassSite.callCurrent(PogoMetaClassSite.java:61)
	at org.codehaus.groovy.runtime.callsite.CallSiteArray.defaultCallCurrent(CallSiteArray.java:51)
	at org.codehaus.groovy.runtime.callsite.PogoMetaClassSite.callCurrent(PogoMetaClassSite.java:83)
	at org.codehaus.groovy.runtime.callsite.AbstractCallSite.callCurrent(AbstractCallSite.java:185)
	at _nf_config_70ef14e4.run(_nf_config_70ef14e4:20)
	at java.base/jdk.internal.reflect.NativeMethodAccessorImpl.invoke0(Native Method)
	at java.base/jdk.internal.reflect.NativeMethodAccessorImpl.invoke(NativeMethodAccessorImpl.java:62)
	at java.base/jdk.internal.reflect.DelegatingMethodAccessorImpl.invoke(DelegatingMethodAccessorImpl.java:43)
	at java.base/java.lang.reflect.Method.invoke(Method.java:566)
	at org.codehaus.groovy.reflection.CachedMethod.invoke(CachedMethod.java:107)
	at org.codehaus.groovy.reflection.CachedMethod$invoke.call(Unknown Source)
	at nextflow.config.ConfigParser$_parse_closure5.doCall(ConfigParser.groovy:417)
	at jdk.internal.reflect.GeneratedMethodAccessor5.invoke(Unknown Source)
	at java.base/jdk.internal.reflect.DelegatingMethodAccessorImpl.invoke(DelegatingMethodAccessorImpl.java:43)
	at java.base/java.lang.reflect.Method.invoke(Method.java:566)
	at org.codehaus.groovy.reflection.CachedMethod.invoke(CachedMethod.java:107)
	at org.codehaus.groovy.runtime.metaclass.ClosureMetaMethod.invoke(ClosureMetaMethod.java:83)
	at groovy.lang.ExpandoMetaClass.invokeMethod(ExpandoMetaClass.java:1118)
	at groovy.lang.MetaClassImpl.invokeMethod(MetaClassImpl.java:1026)
	at groovy.lang.DelegatingMetaClass.invokeMethod(DelegatingMetaClass.java:147)
	at org.codehaus.groovy.runtime.callsite.PogoMetaClassSite.call(PogoMetaClassSite.java:38)
	at org.codehaus.groovy.runtime.callsite.CallSiteArray.defaultCall(CallSiteArray.java:47)
	at org.codehaus.groovy.runtime.callsite.PogoMetaClassSite.call(PogoMetaClassSite.java:53)
	at org.codehaus.groovy.runtime.callsite.AbstractCallSite.call(AbstractCallSite.java:130)
	at nextflow.config.ConfigParser.parse(ConfigParser.groovy:445)
	at nextflow.config.ConfigParser$parse$0.callCurrent(Unknown Source)
	at nextflow.config.ConfigParser.parse(ConfigParser.groovy:300)
	at nextflow.config.ConfigParser$parse$4.call(Unknown Source)
	at nextflow.config.ConfigBuilder.parse0(ConfigBuilder.groovy:411)
	at java.base/jdk.internal.reflect.NativeMethodAccessorImpl.invoke0(Native Method)
	at java.base/jdk.internal.reflect.NativeMethodAccessorImpl.invoke(NativeMethodAccessorImpl.java:62)
	at java.base/jdk.internal.reflect.DelegatingMethodAccessorImpl.invoke(DelegatingMethodAccessorImpl.java:43)
	at java.base/java.lang.reflect.Method.invoke(Method.java:566)
	at org.codehaus.groovy.runtime.callsite.PlainObjectMetaMethodSite.doInvoke(PlainObjectMetaMethodSite.java:43)
	at org.codehaus.groovy.runtime.callsite.PogoMetaMethodSite$PogoCachedMethodSiteNoUnwrapNoCoerce.invoke(PogoMetaMethodSite.java:193)
	at org.codehaus.groovy.runtime.callsite.PogoMetaMethodSite.callCurrent(PogoMetaMethodSite.java:61)
	at org.codehaus.groovy.runtime.callsite.AbstractCallSite.callCurrent(AbstractCallSite.java:194)
	at nextflow.config.ConfigBuilder.merge0(ConfigBuilder.groovy:397)
	at java.base/jdk.internal.reflect.NativeMethodAccessorImpl.invoke0(Native Method)
	at java.base/jdk.internal.reflect.NativeMethodAccessorImpl.invoke(NativeMethodAccessorImpl.java:62)
	at java.base/jdk.internal.reflect.DelegatingMethodAccessorImpl.invoke(DelegatingMethodAccessorImpl.java:43)
	at java.base/java.lang.reflect.Method.invoke(Method.java:566)
	at org.codehaus.groovy.runtime.callsite.PlainObjectMetaMethodSite.doInvoke(PlainObjectMetaMethodSite.java:43)
	at org.codehaus.groovy.runtime.callsite.PogoMetaMethodSite$PogoCachedMethodSiteNoUnwrapNoCoerce.invoke(PogoMetaMethodSite.java:193)
	at org.codehaus.groovy.runtime.callsite.PogoMetaMethodSite.callCurrent(PogoMetaMethodSite.java:61)
	at org.codehaus.groovy.runtime.callsite.AbstractCallSite.callCurrent(AbstractCallSite.java:203)
	at nextflow.config.ConfigBuilder.buildConfig0(ConfigBuilder.groovy:347)
	at java.base/jdk.internal.reflect.NativeMethodAccessorImpl.invoke0(Native Method)
	at java.base/jdk.internal.reflect.NativeMethodAccessorImpl.invoke(NativeMethodAccessorImpl.java:62)
	at java.base/jdk.internal.reflect.DelegatingMethodAccessorImpl.invoke(DelegatingMethodAccessorImpl.java:43)
	at java.base/java.lang.reflect.Method.invoke(Method.java:566)
	at org.codehaus.groovy.runtime.callsite.PlainObjectMetaMethodSite.doInvoke(PlainObjectMetaMethodSite.java:43)
	at org.codehaus.groovy.runtime.callsite.PogoMetaMethodSite$PogoCachedMethodSiteNoUnwrapNoCoerce.invoke(PogoMetaMethodSite.java:193)
	at org.codehaus.groovy.runtime.callsite.PogoMetaMethodSite.callCurrent(PogoMetaMethodSite.java:61)
	at org.codehaus.groovy.runtime.callsite.CallSiteArray.defaultCallCurrent(CallSiteArray.java:51)
	at org.codehaus.groovy.runtime.callsite.AbstractCallSite.callCurrent(AbstractCallSite.java:171)
	at org.codehaus.groovy.runtime.callsite.AbstractCallSite.callCurrent(AbstractCallSite.java:194)
	at nextflow.config.ConfigBuilder.buildGivenFiles(ConfigBuilder.groovy:311)
	at java.base/jdk.internal.reflect.NativeMethodAccessorImpl.invoke0(Native Method)
	at java.base/jdk.internal.reflect.NativeMethodAccessorImpl.invoke(NativeMethodAccessorImpl.java:62)
	at java.base/jdk.internal.reflect.DelegatingMethodAccessorImpl.invoke(DelegatingMethodAccessorImpl.java:43)
	at java.base/java.lang.reflect.Method.invoke(Method.java:566)
	at org.codehaus.groovy.runtime.callsite.PlainObjectMetaMethodSite.doInvoke(PlainObjectMetaMethodSite.java:43)
	at org.codehaus.groovy.runtime.callsite.PogoMetaMethodSite$PogoCachedMethodSiteNoUnwrapNoCoerce.invoke(PogoMetaMethodSite.java:193)
	at org.codehaus.groovy.runtime.callsite.PogoMetaMethodSite.callCurrent(PogoMetaMethodSite.java:61)
	at org.codehaus.groovy.runtime.callsite.CallSiteArray.defaultCallCurrent(CallSiteArray.java:51)
	at org.codehaus.groovy.runtime.callsite.AbstractCallSite.callCurrent(AbstractCallSite.java:171)
	at org.codehaus.groovy.runtime.callsite.AbstractCallSite.callCurrent(AbstractCallSite.java:185)
	at nextflow.config.ConfigBuilder.buildConfigObject(ConfigBuilder.groovy:715)
	at nextflow.config.ConfigBuilder.build(ConfigBuilder.groovy:728)
	at nextflow.script.ScriptRunner.<init>(ScriptRunner.groovy:85)
	at nextflow.cli.CmdRun.run(CmdRun.groovy:258)
	at nextflow.cli.Launcher.run(Launcher.groovy:466)
	at nextflow.cli.Launcher.main(Launcher.groovy:648)
